<?xml version="1.0" encoding="UTF-8"?>
<testng-results skipped="0" failed="0" total="2" passed="2">
  <reporter-output>
  </reporter-output>
  <suite name="Cucumber Framework" duration-ms="23595" started-at="2017-08-12T19:11:52Z" finished-at="2017-08-12T19:12:16Z">
    <groups>
      <group name="cucumber">
        <method signature="AbstractTestNGCucumberTests.feature(cucumber.api.testng.CucumberFeatureWrapper)[pri:0, instance:runners.MainRunner@5d5eef3d]" name="feature" class="cucumber.api.testng.AbstractTestNGCucumberTests"/>
      </group> <!-- cucumber -->
    </groups>
    <test name="Cucumber Tests" duration-ms="23595" started-at="2017-08-12T19:11:52Z" finished-at="2017-08-12T19:12:16Z">
      <class name="runners.MainRunner">
        <test-method status="PASS" signature="setUpClass()[pri:0, instance:runners.MainRunner@5d5eef3d]" name="setUpClass" is-config="true" duration-ms="361" started-at="2017-08-12T20:11:52Z" finished-at="2017-08-12T20:11:53Z">
          <reporter-output>
          </reporter-output>
        </test-method> <!-- setUpClass -->
        <test-method status="PASS" signature="feature(cucumber.api.testng.CucumberFeatureWrapper)[pri:0, instance:runners.MainRunner@5d5eef3d]" name="feature" duration-ms="9507" started-at="2017-08-12T20:11:53Z" description="Runs Cucumber Feature" data-provider="features" finished-at="2017-08-12T20:12:02Z">
          <params>
            <param index="0">
              <value>
                <![CDATA[Submit data to webdriveruniversity.com using contact us form]]>
              </value>
            </param>
          </params>
          <reporter-output>
          </reporter-output>
        </test-method> <!-- feature -->
        <test-method status="PASS" signature="feature(cucumber.api.testng.CucumberFeatureWrapper)[pri:0, instance:runners.MainRunner@5d5eef3d]" name="feature" duration-ms="13097" started-at="2017-08-12T20:12:02Z" description="Runs Cucumber Feature" data-provider="features" finished-at="2017-08-12T20:12:15Z">
          <params>
            <param index="0">
              <value>
                <![CDATA[Products page]]>
              </value>
            </param>
          </params>
          <reporter-output>
          </reporter-output>
        </test-method> <!-- feature -->
        <test-method status="PASS" signature="tearDownClass()[pri:0, instance:runners.MainRunner@5d5eef3d]" name="tearDownClass" is-config="true" duration-ms="484" started-at="2017-08-12T20:12:15Z" finished-at="2017-08-12T20:12:16Z">
          <reporter-output>
          </reporter-output>
        </test-method> <!-- tearDownClass -->
      </class> <!-- runners.MainRunner -->
    </test> <!-- Cucumber Tests -->
  </suite> <!-- Cucumber Framework -->
</testng-results>
